<?xml version="1.0" encoding="UTF-8"?>
<!-- Generated by org.testng.reporters.JUnitReportReporter -->
<testsuite hostname="Sanjeev" failures="0" tests="1" name="EssTestcases.CreateWarehouse" time="8.373" errors="0" timestamp="2024-11-22T10:54:31 IST" skipped="0">
  <testcase classname="EssTestcases.CreateWarehouse" name="cw" time="8.373"/>
  <system-out/>
</testsuite> <!-- EssTestcases.CreateWarehouse -->
