<?xml version="1.0" encoding="UTF-8"?>
<!-- Generated by org.testng.reporters.JUnitReportReporter -->
<testsuite hostname="Sanjeev" failures="0" tests="1" name="EssTestcases.CreateProspect" time="7.904" errors="0" timestamp="2024-11-22T11:15:29 IST" skipped="0">
  <testcase classname="EssTestcases.CreateProspect" name="cp" time="7.904"/>
  <system-out/>
</testsuite> <!-- EssTestcases.CreateProspect -->
