<?xml version="1.0" encoding="UTF-8"?>
<!-- Generated by org.testng.reporters.JUnitReportReporter -->
<testsuite hostname="Sanjeev" failures="0" tests="1" name="EssTestcases.CreateSalesOrder" time="24.398" errors="0" timestamp="2024-11-22T12:31:44 IST" skipped="0">
  <testcase classname="EssTestcases.CreateSalesOrder" name="so" time="24.398"/>
  <system-out/>
</testsuite> <!-- EssTestcases.CreateSalesOrder -->
