<?xml version="1.0" encoding="UTF-8"?>
<!-- Generated by org.testng.reporters.JUnitReportReporter -->
<testsuite hostname="Sanjeev" failures="0" tests="1" name="EssTestcases.AddProduct" time="17.870" errors="0" timestamp="2024-11-22T12:46:52 IST" skipped="0">
  <testcase classname="EssTestcases.AddProduct" name="ap" time="17.870"/>
  <system-out/>
</testsuite> <!-- EssTestcases.AddProduct -->
