<?xml version="1.0" encoding="UTF-8"?>
<!-- Generated by org.testng.reporters.JUnitReportReporter -->
<testsuite hostname="Sanjeev" failures="0" tests="1" name="EssTestcases.VerifyDashboard" time="5.653" errors="0" timestamp="2024-11-21T19:58:35 IST" skipped="0">
  <testcase classname="EssTestcases.VerifyDashboard" name="dashBoard" time="5.653"/>
  <system-out>
    <![CDATA[Navigated to dashboard]]>
  </system-out>
</testsuite> <!-- EssTestcases.VerifyDashboard -->
