<?xml version="1.0" encoding="UTF-8"?>
<!-- Generated by org.testng.reporters.JUnitReportReporter -->
<testsuite hostname="Sanjeev" failures="0" tests="1" name="EssTestcases.CreateProduct" time="17.579" errors="0" timestamp="2024-11-22T09:43:14 IST" skipped="0">
  <testcase classname="EssTestcases.CreateProduct" name="cp" time="17.579"/>
  <system-out/>
</testsuite> <!-- EssTestcases.CreateProduct -->
