<?xml version="1.0" encoding="UTF-8"?>
<!-- Generated by org.testng.reporters.JUnitReportReporter -->
<testsuite hostname="Sanjeev" failures="0" tests="1" name="EssTestcases.CreateVendorProposal" time="14.543" errors="0" timestamp="2024-11-22T13:03:59 IST" skipped="0">
  <testcase classname="EssTestcases.CreateVendorProposal" name="cvp" time="14.543"/>
  <system-out/>
</testsuite> <!-- EssTestcases.CreateVendorProposal -->
