<?xml version="1.0" encoding="UTF-8"?>
<!-- Generated by org.testng.reporters.JUnitReportReporter -->
<testsuite hostname="Sanjeev" failures="0" tests="1" name="EssTestcases.AddThirdParty" time="6.949" errors="0" timestamp="2024-11-22T12:45:16 IST" skipped="0">
  <testcase classname="EssTestcases.AddThirdParty" name="ctp" time="6.949"/>
  <system-out/>
</testsuite> <!-- EssTestcases.AddThirdParty -->
