<?xml version="1.0" encoding="UTF-8"?>
<!-- Generated by org.testng.reporters.JUnitReportReporter -->
<testsuite hostname="Sanjeev" failures="0" tests="1" name="EssTestcases.CreateSalesOrderTest" time="19.871" errors="0" timestamp="2024-11-25T17:13:13 IST" skipped="0">
  <testcase classname="EssTestcases.CreateSalesOrderTest" name="so" time="19.871"/>
  <system-out/>
</testsuite> <!-- EssTestcases.CreateSalesOrderTest -->
